<?xml version="1.0" encoding="UTF-8"?>
<!-- Generated by org.testng.reporters.JUnitReportReporter -->
<testsuite skipped="0" hostname="Bishnu" name="in.prolearn.Newtours1.testrunner.NewToursRunner" tests="1" failures="0" timestamp="17 Dec 2016 06:58:20 GMT" time="0.316" errors="0">
  <testcase name="VerifyHomePage" time="0.316" classname="in.prolearn.Newtours1.testrunner.NewToursRunner"/>
</testsuite> <!-- in.prolearn.Newtours1.testrunner.NewToursRunner -->
